283028302830283020210723102256.':'.[info].' '. ss </n>20210723102256.':'.[info].' '. ss </n>20210723102305.':'.[info].' '. ss </n>20210723102305.':'.[info].' '. ss </n>20210723102420.':'.[info].' '. ss 
20210723102420.':'.[info].' '. ss 
20210723102425.':'.[info].' '. ss 
20210723102425.':'.[info].' '. ss 
20210723102521:[info]  ss 
20210723102521:[info]  ss
[2021-07-16T10:44:58+08:00][error] [2]Redis::lrange() expects exactly 3 parameters, 1 given

[2021-07-23 10:28:27][info]ss 
[2021-07-23 10:28:27][info]ss 
[2021-07-23 10:39:13][info]Redis::lrange() expects exactly 3 parameters, 1 given 
[2021-07-23 10:39:14][info]Redis::lrange() expects exactly 3 parameters, 1 given 
[2021-07-23 02:52:49.701700][info]Redis::lrange() expects exactly 3 parameters, 1 given 
[2021-07-23 02:52:50.136000][info]Redis::lrange() expects exactly 3 parameters, 1 given 
[1970-01-01 00:00:00.844500][info]Redis::lrange() expects exactly 3 parameters, 1 given 
[1970-01-01 00:00:00.285800][info]Redis::lrange() expects exactly 3 parameters, 1 given 
[2021-07-23 02:54:50.007800][info]Redis::lrange() expects exactly 3 parameters, 1 given 
[2021-07-23 02:54:50.429500][info]Redis::lrange() expects exactly 3 parameters, 1 given 
[2021-07-23 02:56:40.043300][info]Redis::lrange() expects exactly 3 parameters, 1 given 
0.04335500 1627009000
[2021-07-23 02:56:40.470900][info]Redis::lrange() expects exactly 3 parameters, 1 given
0.47097300 1627009000[2021-07-23 02:57:32.094100][info]Redis::lrange() expects exactly 3 parameters, 1 given0.09344800 1627009052 
[2021-07-23 02:57:32.541300][info]Redis::lrange() expects exactly 3 parameters, 1 given0.54098300 1627009052 
[2021-07-23 02:57:57.075000][info]Redis::lrange() expects exactly 3 parameters, 1 given1627009077.0747 
[2021-07-23 02:57:57.543600][info]Redis::lrange() expects exactly 3 parameters, 1 given1627009077.5432 
[2021-07-23 03:02:14.808500][info]Redis::lrange() expects exactly 3 parameters, 1 given1627009334.8079 
[2021-07-23 03:02:15.264900][info]Redis::lrange() expects exactly 3 parameters, 1 given1627009335.2645 
[2021-07-23 03:02:40.815200][info]Redis::lrange() expects exactly 3 parameters, 1 given1627009360.8148 
[2021-07-23 03:02:41.275300][info]Redis::lrange() expects exactly 3 parameters, 1 given1627009361.2749 
[2021-07-23 03:57:10.489300][info]Redis::lrange() expects exactly 3 parameters, 1 given1627012630.4887 
[2021-07-23 03:57:10.935300][info]Redis::lrange() expects exactly 3 parameters, 1 given1627012630.9348 
[2021-07-23 05:10:57.403500][info]{user}::lrange() expects exactly 3 parameters, 1 given1627017057.4026 
[2021-07-23 05:10:57.864900][info]{user}::lrange() expects exactly 3 parameters, 1 given1627017057.8646 
[2021-07-23 05:14:43.840300][info]{user}::lrange() expects exactly 3 parameters, 1 given1627017283.8398 
