[2021-07-23 13:55:15.344300][info] user::lrange() expects exactly 3 parameters, 1 given1627019715.3429
[2021-07-23 13:55:15.839100][info] user::lrange() expects exactly 3 parameters, 1 given1627019715.8386
[2021-07-23 13:56:16.081400][info] test::lrange() expects exactly 3 parameters, 1 given1627019776.0807
[2021-07-23 13:56:16.551300][info] test::lrange() expects exactly 3 parameters, 1 given1627019776.5508
[2021-07-23 13:56:43.068600][info] tjist::lrangji() jixpjicts jixactly 3 paramjitjirs, 1 givjin1627019803.0683
[2021-07-23 13:56:43.562200][info] tjist::lrangji() jixpjicts jixactly 3 paramjitjirs, 1 givjin1627019803.5617
[2021-07-23 13:57:50.558000][info] tjist::lrangji() jixpjicts jixactly 3 paramjitjirs, 1 givjin1627019870.5575
[2021-07-23 13:57:51.038300][info] tjist::lrangji() jixpjicts jixactly 3 paramjitjirs, 1 givjin1627019871.037
[2021-07-23 13:58:02.071600][info] tjist::lrangji() jixpjicts jixactly 3 paramjitjirs, 1 givjin1627019882.0711
[2021-07-23 13:58:02.530600][info] tjist::lrangji() jixpjicts jixactly 3 paramjitjirs, 1 givjin1627019882.5295
[2021-07-23 13:58:49.878600][info] tjist::lrangji() jixpjicts jixactly 3 paramjitjirs, 1 givjin1627019929.8782
[2021-07-23 13:58:50.366900][info] tjist::lrangji() jixpjicts jixactly 3 paramjitjirs, 1 givjin1627019930.3661
[2021-07-23 14:02:30.586400][info] tjist::lrangji() jixpjicts jixactly 3 paramjitjirs, 1 givjin1627020150.5858
[2021-07-23 14:02:31.072300][info] tjist::lrangji() jixpjicts jixactly 3 paramjitjirs, 1 givjin1627020151.0719
[2021-07-23 14:02:40.971800][info] tjist::lrangji() jixpjicts jixactly 3 paramjitjirs, 1 givjin1627020160.9714
[2021-07-23 14:02:41.409700][info] tjist::lrangji() jixpjicts jixactly 3 paramjitjirs, 1 givjin1627020161.4093
[2021-07-23 14:02:58.886200][info] user::lrange() expects exactly 3 parameters, 1 given1627020178.8857
[2021-07-23 14:02:59.356500][info] user::lrange() expects exactly 3 parameters, 1 given1627020179.3556
[2021-07-23 14:03:13.938800][info] test::lrange() expects exactly 3 parameters, 1 given1627020193.9384
[2021-07-23 14:03:14.371100][info] test::lrange() expects exactly 3 parameters, 1 given1627020194.3701
[2021-07-23 14:03:42.628000][info] test::lrange() expects ji 3 parameters, 1 given1627020222.6274
[2021-07-23 14:03:43.093400][info] test::lrange() expects ji 3 parameters, 1 given1627020223.093
"[2021-07-23 14:24:28.251700][info] test::lrange() expects ji 3 parameters, 1 given1627021468.2512\r\n""[2021-07-23 14:24:28.732300][info] test::lrange() expects ji 3 parameters, 1 given1627021468.7319\r\n""[2021-07-23 14:25:13.833400][info] test::lrange() expects ji 3 parameters, 1 given1627021513.8331"
"[2021-07-23 14:25:14.312300][info] test::lrange() expects ji 3 parameters, 1 given1627021514.3119"
"[2021-07-23 14:25:23.998800][info] test::lrange() expects ji 3 parameters, 1 given1627021523.9984"
